<?xml version="1.0" encoding="UTF-8"?>
<!-- Generated by org.testng.reporters.JUnitReportReporter -->
<testsuite hostname="PU-VGUPTA" name="com.RestAssured.Testcases.TC001_GetAllEmployees" tests="9" failures="0" timestamp="11 Apr 2020 06:23:31 GMT" time="0.030" errors="0">
  <testcase name="checkResposeBody" time="0.025" classname="com.RestAssured.Testcases.TC001_GetAllEmployees"/>
  <testcase name="checkResponseTime" time="0.000" classname="com.RestAssured.Testcases.TC001_GetAllEmployees"/>
  <testcase name="checkContentType" time="0.001" classname="com.RestAssured.Testcases.TC001_GetAllEmployees"/>
  <testcase name="checkContentLenght" time="0.002" classname="com.RestAssured.Testcases.TC001_GetAllEmployees"/>
  <testcase name="checkserverType" time="0.000" classname="com.RestAssured.Testcases.TC001_GetAllEmployees"/>
  <testcase name="checkstatusLine" time="0.001" classname="com.RestAssured.Testcases.TC001_GetAllEmployees"/>
  <testcase name="checkcontentEncoding" time="0.000" classname="com.RestAssured.Testcases.TC001_GetAllEmployees"/>
  <testcase name="checkCookies" time="0.001" classname="com.RestAssured.Testcases.TC001_GetAllEmployees"/>
  <testcase name="checkStatusCode" time="0.000" classname="com.RestAssured.Testcases.TC001_GetAllEmployees"/>
</testsuite> <!-- com.RestAssured.Testcases.TC001_GetAllEmployees -->
